# JRE version: Java(TM) SE Runtime Environment (8.0_73-b02) (build 1.8.0_73-b02)
# Java VM: Java HotSpot(TM) 64-Bit Server VM (25.73-b02 mixed mode windows-amd64 compressed oops)
Heap:
 PSYoungGen      total 140288K, used 120300K [0x00000000d5d80000, 0x00000000e0a80000, 0x0000000100000000)
  eden space 129024K, 93% used [0x00000000d5d80000,0x00000000dd2fb138,0x00000000ddb80000)
  from space 11264K, 0% used [0x00000000ddb80000,0x00000000ddb80000,0x00000000de680000)
  to   space 14848K, 0% used [0x00000000dfc00000,0x00000000dfc00000,0x00000000e0a80000)
 ParOldGen       total 104960K, used 27297K [0x0000000081800000, 0x0000000087e80000, 0x00000000d5d80000)
  object space 104960K, 26% used [0x0000000081800000,0x00000000832a85f0,0x0000000087e80000)
 Metaspace       used 64474K, capacity 67581K, committed 67928K, reserved 1110016K
  class space    used 8310K, capacity 8834K, committed 8960K, reserved 1048576K
GC Heap History (10 events):
Event: 18.403 GC heap before
{Heap before GC invocations=17 (full 2):
 PSYoungGen      total 139264K, used 137619K [0x00000000d5d80000, 0x00000000df180000, 0x0000000100000000)
  eden space 129024K, 100% used [0x00000000d5d80000,0x00000000ddb80000,0x00000000ddb80000)
  from space 10240K, 83% used [0x00000000de700000,0x00000000def64d68,0x00000000df100000)
  to   space 11264K, 0% used [0x00000000ddb80000,0x00000000ddb80000,0x00000000de680000)
 ParOldGen       total 104960K, used 16167K [0x0000000081800000, 0x0000000087e80000, 0x00000000d5d80000)
  object space 104960K, 15% used [0x0000000081800000,0x00000000827c9f90,0x0000000087e80000)
 Metaspace       used 51339K, capacity 53316K, committed 53632K, reserved 1095680K
  class space    used 6556K, capacity 6973K, committed 7040K, reserved 1048576K
Event: 18.416 GC heap after
Heap after GC invocations=17 (full 2):
 PSYoungGen      total 140288K, used 11238K [0x00000000d5d80000, 0x00000000e1680000, 0x0000000100000000)
  eden space 129024K, 0% used [0x00000000d5d80000,0x00000000d5d80000,0x00000000ddb80000)
  from space 11264K, 99% used [0x00000000ddb80000,0x00000000de679ab0,0x00000000de680000)
  to   space 12800K, 0% used [0x00000000e0a00000,0x00000000e0a00000,0x00000000e1680000)
 ParOldGen       total 104960K, used 16655K [0x0000000081800000, 0x0000000087e80000, 0x00000000d5d80000)
  object space 104960K, 15% used [0x0000000081800000,0x0000000082843e40,0x0000000087e80000)
 Metaspace       used 51339K, capacity 53316K, committed 53632K, reserved 1095680K
  class space    used 6556K, capacity 6973K, committed 7040K, reserved 1048576K
}
Event: 19.486 GC heap before
{Heap before GC invocations=18 (full 2):
 PSYoungGen      total 140288K, used 116471K [0x00000000d5d80000, 0x00000000e1680000, 0x0000000100000000)
  eden space 129024K, 81% used [0x00000000d5d80000,0x00000000dc4443c0,0x00000000ddb80000)
  from space 11264K, 99% used [0x00000000ddb80000,0x00000000de679ab0,0x00000000de680000)
  to   space 12800K, 0% used [0x00000000e0a00000,0x00000000e0a00000,0x00000000e1680000)
 ParOldGen       total 104960K, used 16655K [0x0000000081800000, 0x0000000087e80000, 0x00000000d5d80000)
  object space 104960K, 15% used [0x0000000081800000,0x0000000082843e40,0x0000000087e80000)
 Metaspace       used 56474K, capacity 58938K, committed 59096K, reserved 1101824K
  class space    used 7239K, capacity 7700K, committed 7808K, reserved 1048576K
Event: 19.503 GC heap after
Heap after GC invocations=18 (full 2):
 PSYoungGen      total 141824K, used 12783K [0x00000000d5d80000, 0x00000000e1680000, 0x0000000100000000)
  eden space 129024K, 0% used [0x00000000d5d80000,0x00000000d5d80000,0x00000000ddb80000)
  from space 12800K, 99% used [0x00000000e0a00000,0x00000000e167be38,0x00000000e1680000)
  to   space 11264K, 0% used [0x00000000ddb80000,0x00000000ddb80000,0x00000000de680000)
 ParOldGen       total 104960K, used 17360K [0x0000000081800000, 0x0000000087e80000, 0x00000000d5d80000)
  object space 104960K, 16% used [0x0000000081800000,0x00000000828f40b8,0x0000000087e80000)
 Metaspace       used 56474K, capacity 58938K, committed 59096K, reserved 1101824K
  class space    used 7239K, capacity 7700K, committed 7808K, reserved 1048576K
}
Event: 19.503 GC heap before
{Heap before GC invocations=19 (full 3):
 PSYoungGen      total 141824K, used 12783K [0x00000000d5d80000, 0x00000000e1680000, 0x0000000100000000)
  eden space 129024K, 0% used [0x00000000d5d80000,0x00000000d5d80000,0x00000000ddb80000)
  from space 12800K, 99% used [0x00000000e0a00000,0x00000000e167be38,0x00000000e1680000)
  to   space 11264K, 0% used [0x00000000ddb80000,0x00000000ddb80000,0x00000000de680000)
 ParOldGen       total 104960K, used 17360K [0x0000000081800000, 0x0000000087e80000, 0x00000000d5d80000)
  object space 104960K, 16% used [0x0000000081800000,0x00000000828f40b8,0x0000000087e80000)
 Metaspace       used 56474K, capacity 58938K, committed 59096K, reserved 1101824K
  class space    used 7239K, capacity 7700K, committed 7808K, reserved 1048576K
Event: 19.710 GC heap after
Heap after GC invocations=19 (full 3):
 PSYoungGen      total 141824K, used 0K [0x00000000d5d80000, 0x00000000e1680000, 0x0000000100000000)
  eden space 129024K, 0% used [0x00000000d5d80000,0x00000000d5d80000,0x00000000ddb80000)
  from space 12800K, 0% used [0x00000000e0a00000,0x00000000e0a00000,0x00000000e1680000)
  to   space 11264K, 0% used [0x00000000ddb80000,0x00000000ddb80000,0x00000000de680000)
 ParOldGen       total 104960K, used 28293K [0x0000000081800000, 0x0000000087e80000, 0x00000000d5d80000)
  object space 104960K, 26% used [0x0000000081800000,0x00000000833a16b8,0x0000000087e80000)
 Metaspace       used 56474K, capacity 58938K, committed 59096K, reserved 1101824K
  class space    used 7239K, capacity 7700K, committed 7808K, reserved 1048576K
}
Event: 20.084 GC heap before
{Heap before GC invocations=20 (full 3):
 PSYoungGen      total 141824K, used 52054K [0x00000000d5d80000, 0x00000000e1680000, 0x0000000100000000)
  eden space 129024K, 40% used [0x00000000d5d80000,0x00000000d9055920,0x00000000ddb80000)
  from space 12800K, 0% used [0x00000000e0a00000,0x00000000e0a00000,0x00000000e1680000)
  to   space 11264K, 0% used [0x00000000ddb80000,0x00000000ddb80000,0x00000000de680000)
 ParOldGen       total 104960K, used 28293K [0x0000000081800000, 0x0000000087e80000, 0x00000000d5d80000)
  object space 104960K, 26% used [0x0000000081800000,0x00000000833a16b8,0x0000000087e80000)
 Metaspace       used 57904K, capacity 60476K, committed 60504K, reserved 1105920K
  class space    used 7444K, capacity 7935K, committed 7936K, reserved 1048576K
Event: 20.091 GC heap after
Heap after GC invocations=20 (full 3):
 PSYoungGen      total 140288K, used 2066K [0x00000000d5d80000, 0x00000000e0a80000, 0x0000000100000000)
  eden space 129024K, 0% used [0x00000000d5d80000,0x00000000d5d80000,0x00000000ddb80000)
  from space 11264K, 18% used [0x00000000ddb80000,0x00000000ddd849d0,0x00000000de680000)
  to   space 14848K, 0% used [0x00000000dfc00000,0x00000000dfc00000,0x00000000e0a80000)
 ParOldGen       total 104960K, used 28301K [0x0000000081800000, 0x0000000087e80000, 0x00000000d5d80000)
  object space 104960K, 26% used [0x0000000081800000,0x00000000833a36b8,0x0000000087e80000)
 Metaspace       used 57904K, capacity 60476K, committed 60504K, reserved 1105920K
  class space    used 7444K, capacity 7935K, committed 7936K, reserved 1048576K
}
Event: 20.091 GC heap before
{Heap before GC invocations=21 (full 4):
 PSYoungGen      total 140288K, used 2066K [0x00000000d5d80000, 0x00000000e0a80000, 0x0000000100000000)
  eden space 129024K, 0% used [0x00000000d5d80000,0x00000000d5d80000,0x00000000ddb80000)
  from space 11264K, 18% used [0x00000000ddb80000,0x00000000ddd849d0,0x00000000de680000)
  to   space 14848K, 0% used [0x00000000dfc00000,0x00000000dfc00000,0x00000000e0a80000)
 ParOldGen       total 104960K, used 28301K [0x0000000081800000, 0x0000000087e80000, 0x00000000d5d80000)
  object space 104960K, 26% used [0x0000000081800000,0x00000000833a36b8,0x0000000087e80000)
 Metaspace       used 57904K, capacity 60476K, committed 60504K, reserved 1105920K
  class space    used 7444K, capacity 7935K, committed 7936K, reserved 1048576K
Event: 20.218 GC heap after
Heap after GC invocations=21 (full 4):
 PSYoungGen      total 140288K, used 0K [0x00000000d5d80000, 0x00000000e0a80000, 0x0000000100000000)
  eden space 129024K, 0% used [0x00000000d5d80000,0x00000000d5d80000,0x00000000ddb80000)
  from space 11264K, 0% used [0x00000000ddb80000,0x00000000ddb80000,0x00000000de680000)
  to   space 14848K, 0% used [0x00000000dfc00000,0x00000000dfc00000,0x00000000e0a80000)
 ParOldGen       total 104960K, used 27297K [0x0000000081800000, 0x0000000087e80000, 0x00000000d5d80000)
  object space 104960K, 26% used [0x0000000081800000,0x00000000832a85f0,0x0000000087e80000)
 Metaspace       used 57904K, capacity 60476K, committed 60504K, reserved 1103872K
  class space    used 7444K, capacity 7935K, committed 7936K, reserved 1048576K
}

